Arguments: 
  /usr/local/bin/node /usr/local/bin/yarn install

PATH: 
  /usr/local/sbin:/usr/local/bin:/usr/sbin:/usr/bin:/sbin:/bin:/usr/games:/usr/local/games:/snap/bin

Yarn version: 
  1.22.11

Node version: 
  14.17.4

Platform: 
  linux x64

Trace: 
  Error: https://registry.yarnpkg.com/@elegantstack%2fgatsby-theme-flexiblog-medical: Not found
      at Request.params.callback [as _callback] (/usr/local/lib/node_modules/yarn/lib/cli.js:66992:18)
      at Request.self.callback (/usr/local/lib/node_modules/yarn/lib/cli.js:140763:22)
      at Request.emit (events.js:400:28)
      at Request.<anonymous> (/usr/local/lib/node_modules/yarn/lib/cli.js:141735:10)
      at Request.emit (events.js:400:28)
      at IncomingMessage.<anonymous> (/usr/local/lib/node_modules/yarn/lib/cli.js:141657:12)
      at Object.onceWrapper (events.js:519:28)
      at IncomingMessage.emit (events.js:412:35)
      at endReadableNT (internal/streams/readable.js:1317:12)
      at processTicksAndRejections (internal/process/task_queues.js:82:21)

npm manifest: 
  {
  	"name": "@elegantstack/gatsby-starter-flexiblog-medical",
  	"private": true,
  	"version": "3.7.0",
  	"scripts": {
  		"develop": "gatsby develop",
  		"start": "gatsby develop",
  		"build": "gatsby build",
  		"clean": "gatsby clean",
  		"serve": "gatsby serve"
  	},
  	"dependencies": {
  		"@elegantstack/gatsby-theme-flexiblog-medical": "*",
  		"gatsby": "^3.13.0",
  		"react": "^17.0.2",
  		"react-dom": "^17.0.2"
  	},
  	"devDependencies": {
  		"prettier": "^2.3.2"
  	}
  }

yarn manifest: 
  No manifest

Lockfile: 
  No lockfile
